-------------------------------------------------------------------------------
Test set: com.example.demo.BackendDevelopmentApplicationTests
-------------------------------------------------------------------------------
Tests run: 1, Failures: 0, Errors: 1, Skipped: 0, Time elapsed: 0.639 s <<< FAILURE! - in com.example.demo.BackendDevelopmentApplicationTests
com.example.demo.BackendDevelopmentApplicationTests  Time elapsed: 0.637 s  <<< ERROR!
java.lang.IllegalStateException: Unable to find a @SpringBootConfiguration, you need to use @ContextConfiguration or @SpringBootTest(classes=...) with your test

