<?xml version="1.0" encoding="UTF-8"?>
<testsuite xmlns:xsi="http://www.w3.org/2001/XMLSchema-instance" xsi:noNamespaceSchemaLocation="https://maven.apache.org/surefire/maven-surefire-plugin/xsd/surefire-test-report.xsd" name="com.example.demo.BackendDevelopmentApplicationTests" time="0.639" tests="1" errors="1" skipped="0" failures="0">
  <properties>
[...]
</properties>
  <testcase name="com.example.demo.BackendDevelopmentApplicationTests" classname="com.example.demo.BackendDevelopmentApplicationTests" time="0.637">
    <error message="Unable to find a @SpringBootConfiguration, you need to use @ContextConfiguration or @SpringBootTest(classes=...) with your test" type="java.lang.IllegalStateException">java.lang.IllegalStateException: Unable to find a @SpringBootConfiguration, you need to use @ContextConfiguration or @SpringBootTest(classes=...) with your test
</error>
    <system-out><![CDATA[14:32:56.859 [main] DEBUG org.springframework.test.context.BootstrapUtils - Instantiating CacheAwareContextLoaderDelegate from class [org.springframework.test.context.cache.DefaultCacheAwareContextLoaderDelegate]
14:32:56.918 [main] DEBUG org.springframework.test.context.BootstrapUtils - Instantiating BootstrapContext using constructor [public org.springframework.test.context.support.DefaultBootstrapContext(java.lang.Class,org.springframework.test.context.CacheAwareContextLoaderDelegate)]
14:32:56.990 [main] DEBUG org.springframework.test.context.BootstrapUtils - Instantiating TestContextBootstrapper for test class [com.example.demo.BackendDevelopmentApplicationTests] from class [org.springframework.boot.test.context.SpringBootTestContextBootstrapper]
14:32:57.023 [main] INFO org.springframework.boot.test.context.SpringBootTestContextBootstrapper - Neither @ContextConfiguration nor @ContextHierarchy found for test class [com.example.demo.BackendDevelopmentApplicationTests], using SpringBootContextLoader
14:32:57.031 [main] DEBUG org.springframework.test.context.support.AbstractContextLoader - Did not detect default resource location for test class [com.example.demo.BackendDevelopmentApplicationTests]: class path resource [com/example/demo/BackendDevelopmentApplicationTests-context.xml] does not exist
14:32:57.032 [main] DEBUG org.springframework.test.context.support.AbstractContextLoader - Did not detect default resource location for test class [com.example.demo.BackendDevelopmentApplicationTests]: class path resource [com/example/demo/BackendDevelopmentApplicationTestsContext.groovy] does not exist
14:32:57.032 [main] INFO org.springframework.test.context.support.AbstractContextLoader - Could not detect default resource locations for test class [com.example.demo.BackendDevelopmentApplicationTests]: no resource found for suffixes {-context.xml, Context.groovy}.
14:32:57.033 [main] INFO org.springframework.test.context.support.AnnotationConfigContextLoaderUtils - Could not detect default configuration classes for test class [com.example.demo.BackendDevelopmentApplicationTests]: BackendDevelopmentApplicationTests does not declare any static, non-private, non-final, nested classes annotated with @Configuration.
14:32:57.171 [main] DEBUG org.springframework.test.context.support.ActiveProfilesUtils - Could not find an 'annotation declaring class' for annotation type [org.springframework.test.context.ActiveProfiles] and class [com.example.demo.BackendDevelopmentApplicationTests]
]]></system-out>
  </testcase>
</testsuite>